0 info it worked if it ends with ok
1 verbose cli [
1 verbose cli   '/usr/local/Cellar/node/14.5.0/bin/node',
1 verbose cli   '/usr/local/bin/npm',
1 verbose cli   'install',
1 verbose cli   '-g'
1 verbose cli ]
2 info using npm@4.0.5
3 info using node@v14.5.0
4 silly loadCurrentTree Starting
5 silly install loadCurrentTree
6 silly install readGlobalPackageData
7 silly fetchPackageMetaData .
8 silly fetchOtherPackageData .
9 silly cache add args [ '.', null ]
10 verbose cache add spec .
11 silly cache add parsed spec Result {
11 silly cache add   raw: '.',
11 silly cache add   scope: null,
11 silly cache add   escapedName: null,
11 silly cache add   name: null,
11 silly cache add   rawSpec: '.',
11 silly cache add   spec: '/Users/rebecca/dev/web_project_8',
11 silly cache add   type: 'local'
11 silly cache add }
12 error addLocal Could not install /Users/rebecca/dev/web_project_8
13 silly fetchPackageMetaData Error: EISDIR: illegal operation on a directory, read
13 silly fetchPackageMetaData  error for . [Error: EISDIR: illegal operation on a directory, read] {
13 silly fetchPackageMetaData   errno: -21,
13 silly fetchPackageMetaData   code: 'EISDIR',
13 silly fetchPackageMetaData   syscall: 'read'
13 silly fetchPackageMetaData }
14 silly rollbackFailedOptional Starting
15 verbose stack TypeError: Cannot read property 'path' of null
15 verbose stack     at Installer.rollbackFailedOptional (/usr/local/lib/node_modules/npm/lib/install.js:505:30)
15 verbose stack     at Array.<anonymous> (/usr/local/lib/node_modules/npm/node_modules/slide/lib/bind-actor.js:15:8)
15 verbose stack     at LOOP (/usr/local/lib/node_modules/npm/node_modules/slide/lib/chain.js:15:14)
15 verbose stack     at /usr/local/lib/node_modules/npm/node_modules/slide/lib/chain.js:18:7
15 verbose stack     at /usr/local/lib/node_modules/npm/lib/install.js:331:5
15 verbose stack     at Array.<anonymous> (/usr/local/lib/node_modules/npm/node_modules/slide/lib/bind-actor.js:15:8)
15 verbose stack     at LOOP (/usr/local/lib/node_modules/npm/node_modules/slide/lib/chain.js:15:14)
15 verbose stack     at chain (/usr/local/lib/node_modules/npm/node_modules/slide/lib/chain.js:20:5)
15 verbose stack     at /usr/local/lib/node_modules/npm/lib/install.js:288:5
15 verbose stack     at /usr/local/lib/node_modules/npm/node_modules/slide/lib/chain.js:16:22
16 verbose cwd /Users/rebecca/dev/web_project_8
17 error Darwin 19.6.0
18 error argv "/usr/local/Cellar/node/14.5.0/bin/node" "/usr/local/bin/npm" "install" "-g"
19 error node v14.5.0
20 error npm  v4.0.5
21 error Cannot read property 'path' of null
22 error If you need help, you may report this error at:
22 error     <https://github.com/npm/npm/issues>
23 verbose exit [ 1, true ]
